TpTrace Verbose: 0 : 27408, 1, 2022/05/03, 14:15:41.367, 3739866733848, vstest.console.dll, Version: 16.11.0
TpTrace Information: 0 : 27408, 1, 2022/05/03, 14:15:41.386, 3739866890286, vstest.console.dll, FilePatternParser: The given file C:\Users\Rodolfo AC\Documents\ASP.NET Core 3.1\Github Public Projects\Seed.API\SpecFlowStrategy\bin\Debug\net5.0\fine-code-coverage\build-output\SpecFlowStrategy.dll is a full path.
TpTrace Verbose: 0 : 27408, 1, 2022/05/03, 14:15:41.405, 3739867080213, vstest.console.dll, TestPluginCache.DiscoverTestExtensions: finding test extensions in assemblies ends with: RuntimeProvider.dll TPluginInfo: Microsoft.VisualStudio.TestPlatform.Common.ExtensionFramework.Utilities.TestRuntimePluginInformation TExtension: Microsoft.VisualStudio.TestPlatform.ObjectModel.Host.ITestRuntimeProvider
TpTrace Verbose: 0 : 27408, 1, 2022/05/03, 14:15:41.406, 3739867086546, vstest.console.dll, TestPluginCache.GetExtensionPaths: Filtered extension paths: 
TpTrace Verbose: 0 : 27408, 1, 2022/05/03, 14:15:41.406, 3739867088399, vstest.console.dll, TestPluginCache.GetExtensionPaths: Added default extension paths: C:\Program Files\dotnet\sdk\5.0.403\Extensions\Microsoft.Diagnostics.NETCore.Client.dll
C:\Program Files\dotnet\sdk\5.0.403\Extensions\Microsoft.TestPlatform.Extensions.BlameDataCollector.dll
C:\Program Files\dotnet\sdk\5.0.403\Extensions\Microsoft.TestPlatform.Extensions.EventLogCollector.dll
C:\Program Files\dotnet\sdk\5.0.403\Extensions\Microsoft.TestPlatform.TestHostRuntimeProvider.dll
C:\Program Files\dotnet\sdk\5.0.403\Extensions\Microsoft.VisualStudio.TestPlatform.Extensions.Html.TestLogger.dll
C:\Program Files\dotnet\sdk\5.0.403\Extensions\Microsoft.VisualStudio.TestPlatform.Extensions.Trx.TestLogger.dll
TpTrace Verbose: 0 : 27408, 1, 2022/05/03, 14:15:41.406, 3739867088987, vstest.console.dll, TestPluginCache.GetExtensionPaths: Added unfilterableExtensionPaths: 
TpTrace Information: 0 : 27408, 1, 2022/05/03, 14:15:41.407, 3739867100401, vstest.console.dll, AssemblyResolver.ctor: Creating AssemblyResolver with searchDirectories C:\Program Files\dotnet\sdk\5.0.403\Extensions,C:\Program Files\dotnet\sdk\5.0.403
TpTrace Verbose: 0 : 27408, 1, 2022/05/03, 14:15:41.409, 3739867114824, vstest.console.dll, TestPluginCache.DiscoverTestExtensions: Discovering the extensions using extension path.
TpTrace Verbose: 0 : 27408, 1, 2022/05/03, 14:15:41.409, 3739867116578, vstest.console.dll, TestPluginCache.GetExtensionPaths: Filtered extension paths: 
TpTrace Verbose: 0 : 27408, 1, 2022/05/03, 14:15:41.409, 3739867117250, vstest.console.dll, TestPluginCache.GetExtensionPaths: Added default extension paths: C:\Program Files\dotnet\sdk\5.0.403\Extensions\Microsoft.Diagnostics.NETCore.Client.dll
C:\Program Files\dotnet\sdk\5.0.403\Extensions\Microsoft.TestPlatform.Extensions.BlameDataCollector.dll
C:\Program Files\dotnet\sdk\5.0.403\Extensions\Microsoft.TestPlatform.Extensions.EventLogCollector.dll
C:\Program Files\dotnet\sdk\5.0.403\Extensions\Microsoft.TestPlatform.TestHostRuntimeProvider.dll
C:\Program Files\dotnet\sdk\5.0.403\Extensions\Microsoft.VisualStudio.TestPlatform.Extensions.Html.TestLogger.dll
C:\Program Files\dotnet\sdk\5.0.403\Extensions\Microsoft.VisualStudio.TestPlatform.Extensions.Trx.TestLogger.dll
TpTrace Verbose: 0 : 27408, 1, 2022/05/03, 14:15:41.409, 3739867117692, vstest.console.dll, TestPluginCache.GetExtensionPaths: Added unfilterableExtensionPaths: 
TpTrace Verbose: 0 : 27408, 1, 2022/05/03, 14:15:41.409, 3739867118519, vstest.console.dll, TestPluginCache.DiscoverTestExtensions: Discovering the extensions using allExtensionPaths: C:\Program Files\dotnet\sdk\5.0.403\Extensions\Microsoft.Diagnostics.NETCore.Client.dll
C:\Program Files\dotnet\sdk\5.0.403\Extensions\Microsoft.TestPlatform.Extensions.BlameDataCollector.dll
C:\Program Files\dotnet\sdk\5.0.403\Extensions\Microsoft.TestPlatform.Extensions.EventLogCollector.dll
C:\Program Files\dotnet\sdk\5.0.403\Extensions\Microsoft.TestPlatform.TestHostRuntimeProvider.dll
C:\Program Files\dotnet\sdk\5.0.403\Extensions\Microsoft.VisualStudio.TestPlatform.Extensions.Html.TestLogger.dll
C:\Program Files\dotnet\sdk\5.0.403\Extensions\Microsoft.VisualStudio.TestPlatform.Extensions.Trx.TestLogger.dll
TpTrace Information: 0 : 27408, 1, 2022/05/03, 14:15:41.409, 3739867120452, vstest.console.dll, AssemblyResolver.AddSearchDirectories: Adding more searchDirectories C:\Program Files\dotnet\sdk\5.0.403\Extensions,C:\Program Files\dotnet\sdk\5.0.403
TpTrace Information: 0 : 27408, 1, 2022/05/03, 14:15:41.410, 3739867121327, vstest.console.dll, AssemblyResolver.AddSearchDirectories: Adding more searchDirectories C:\Program Files\dotnet\sdk\5.0.403\Extensions,C:\Program Files\dotnet\sdk\5.0.403
TpTrace Information: 0 : 27408, 1, 2022/05/03, 14:15:41.410, 3739867121844, vstest.console.dll, AssemblyResolver.AddSearchDirectories: Adding more searchDirectories C:\Program Files\dotnet\sdk\5.0.403\Extensions,C:\Program Files\dotnet\sdk\5.0.403
TpTrace Information: 0 : 27408, 1, 2022/05/03, 14:15:41.410, 3739867122291, vstest.console.dll, AssemblyResolver.AddSearchDirectories: Adding more searchDirectories C:\Program Files\dotnet\sdk\5.0.403\Extensions,C:\Program Files\dotnet\sdk\5.0.403
TpTrace Information: 0 : 27408, 1, 2022/05/03, 14:15:41.410, 3739867122697, vstest.console.dll, AssemblyResolver.AddSearchDirectories: Adding more searchDirectories C:\Program Files\dotnet\sdk\5.0.403\Extensions,C:\Program Files\dotnet\sdk\5.0.403
TpTrace Information: 0 : 27408, 1, 2022/05/03, 14:15:41.410, 3739867123160, vstest.console.dll, AssemblyResolver.AddSearchDirectories: Adding more searchDirectories C:\Program Files\dotnet\sdk\5.0.403\Extensions,C:\Program Files\dotnet\sdk\5.0.403
TpTrace Information: 0 : 27408, 1, 2022/05/03, 14:15:41.411, 3739867131912, vstest.console.dll, AssemblyResolver.OnResolve: Microsoft.Diagnostics.NETCore.Client: Resolving assembly.
TpTrace Information: 0 : 27408, 1, 2022/05/03, 14:15:41.411, 3739867132969, vstest.console.dll, AssemblyResolver.OnResolve: Microsoft.Diagnostics.NETCore.Client: Searching in: 'C:\Program Files\dotnet\sdk\5.0.403\Extensions'.
TpTrace Information: 0 : 27408, 1, 2022/05/03, 14:15:41.413, 3739867151443, vstest.console.dll, AssemblyResolver.OnResolve: Microsoft.Diagnostics.NETCore.Client: Loading assembly 'C:\Program Files\dotnet\sdk\5.0.403\Extensions\Microsoft.Diagnostics.NETCore.Client.dll'.
TpTrace Information: 0 : 27408, 1, 2022/05/03, 14:15:41.415, 3739867173056, vstest.console.dll, AssemblyResolver.OnResolve: Resolved assembly: Microsoft.Diagnostics.NETCore.Client, from path: C:\Program Files\dotnet\sdk\5.0.403\Extensions\Microsoft.Diagnostics.NETCore.Client.dll
TpTrace Information: 0 : 27408, 1, 2022/05/03, 14:15:41.419, 3739867220950, vstest.console.dll, AssemblyResolver.OnResolve: Microsoft.Bcl.AsyncInterfaces: Resolving assembly.
TpTrace Information: 0 : 27408, 1, 2022/05/03, 14:15:41.420, 3739867222214, vstest.console.dll, AssemblyResolver.OnResolve: Microsoft.Bcl.AsyncInterfaces: Searching in: 'C:\Program Files\dotnet\sdk\5.0.403\Extensions'.
TpTrace Information: 0 : 27408, 1, 2022/05/03, 14:15:41.420, 3739867223264, vstest.console.dll, AssemblyResolver.OnResolve: Microsoft.Bcl.AsyncInterfaces: Assembly path does not exist: 'C:\Program Files\dotnet\sdk\5.0.403\Extensions\Microsoft.Bcl.AsyncInterfaces.dll', returning.
TpTrace Information: 0 : 27408, 1, 2022/05/03, 14:15:41.420, 3739867224096, vstest.console.dll, AssemblyResolver.OnResolve: Microsoft.Bcl.AsyncInterfaces: Assembly path does not exist: 'C:\Program Files\dotnet\sdk\5.0.403\Extensions\Microsoft.Bcl.AsyncInterfaces.exe', returning.
TpTrace Information: 0 : 27408, 1, 2022/05/03, 14:15:41.420, 3739867224643, vstest.console.dll, AssemblyResolver.OnResolve: Microsoft.Bcl.AsyncInterfaces: Searching in: 'C:\Program Files\dotnet\sdk\5.0.403'.
TpTrace Information: 0 : 27408, 1, 2022/05/03, 14:15:41.420, 3739867225524, vstest.console.dll, AssemblyResolver.OnResolve: Microsoft.Bcl.AsyncInterfaces: Assembly path does not exist: 'C:\Program Files\dotnet\sdk\5.0.403\Microsoft.Bcl.AsyncInterfaces.dll', returning.
TpTrace Information: 0 : 27408, 1, 2022/05/03, 14:15:41.420, 3739867226312, vstest.console.dll, AssemblyResolver.OnResolve: Microsoft.Bcl.AsyncInterfaces: Assembly path does not exist: 'C:\Program Files\dotnet\sdk\5.0.403\Microsoft.Bcl.AsyncInterfaces.exe', returning.
TpTrace Information: 0 : 27408, 1, 2022/05/03, 14:15:41.420, 3739867230293, vstest.console.dll, AssemblyResolver.OnResolve: Microsoft.Bcl.AsyncInterfaces: Failed to load assembly.
TpTrace Verbose: 0 : 27408, 1, 2022/05/03, 14:15:41.421, 3739867231194, vstest.console.dll, CurrentDomainAssemblyResolve: Resolving assembly 'Microsoft.Bcl.AsyncInterfaces'.
TpTrace Information: 0 : 27408, 1, 2022/05/03, 14:15:41.421, 3739867232261, vstest.console.dll, AssemblyResolver.OnResolve: Microsoft.Bcl.AsyncInterfaces: Resolving assembly.
TpTrace Information: 0 : 27408, 1, 2022/05/03, 14:15:41.421, 3739867232825, vstest.console.dll, AssemblyResolver.OnResolve: Microsoft.Bcl.AsyncInterfaces: Resolved from cache.
TpTrace Verbose: 0 : 27408, 1, 2022/05/03, 14:15:41.421, 3739867233334, vstest.console.dll, CurrentDomainAssemblyResolve: Resolving assembly 'Microsoft.Bcl.AsyncInterfaces'.
TpTrace Verbose: 0 : 27408, 1, 2022/05/03, 14:15:41.421, 3739867233871, vstest.console.dll, CurrentDomainAssemblyResolve: Failed to resolve assembly 'Microsoft.Bcl.AsyncInterfaces'.
TpTrace Verbose: 0 : 27408, 1, 2022/05/03, 14:15:41.426, 3739867290255, vstest.console.dll, CurrentDomainAssemblyResolve: Failed to resolve assembly 'Microsoft.Bcl.AsyncInterfaces'.
TpTrace Warning: 0 : 27408, 1, 2022/05/03, 14:15:41.458, 3739867609180, vstest.console.dll, TestPluginDiscoverer: Failed to get types from assembly 'Microsoft.Diagnostics.NETCore.Client, Version=0.2.2.41902, Culture=neutral, PublicKeyToken=31bf3856ad364e35'.  Skipping test extension scan for this assembly.  Error: System.Reflection.ReflectionTypeLoadException: Unable to load one or more of the requested types.
Could not load file or assembly 'Microsoft.Bcl.AsyncInterfaces, Version=1.0.0.0, Culture=neutral, PublicKeyToken=cc7b13ffcd2ddd51'. The system cannot find the file specified.
   at System.Reflection.RuntimeModule.GetTypes(RuntimeModule module)
   at System.Reflection.RuntimeModule.GetTypes()
   at System.Reflection.Assembly.GetTypes()
   at Microsoft.VisualStudio.TestPlatform.Common.ExtensionFramework.TestPluginDiscoverer.GetTestExtensionsFromAssembly[TPluginInfo,TExtension](Assembly assembly, Dictionary`2 pluginInfos)
System.IO.FileNotFoundException: Could not load file or assembly 'Microsoft.Bcl.AsyncInterfaces, Version=1.0.0.0, Culture=neutral, PublicKeyToken=cc7b13ffcd2ddd51'. The system cannot find the file specified.
File name: 'Microsoft.Bcl.AsyncInterfaces, Version=1.0.0.0, Culture=neutral, PublicKeyToken=cc7b13ffcd2ddd51'
TpTrace Warning: 0 : 27408, 1, 2022/05/03, 14:15:41.458, 3739867610443, vstest.console.dll, LoaderExceptions: System.IO.FileNotFoundException: Could not load file or assembly 'Microsoft.Bcl.AsyncInterfaces, Version=1.0.0.0, Culture=neutral, PublicKeyToken=cc7b13ffcd2ddd51'. The system cannot find the file specified.
File name: 'Microsoft.Bcl.AsyncInterfaces, Version=1.0.0.0, Culture=neutral, PublicKeyToken=cc7b13ffcd2ddd51'
TpTrace Information: 0 : 27408, 1, 2022/05/03, 14:15:41.459, 3739867612084, vstest.console.dll, AssemblyResolver.OnResolve: Microsoft.TestPlatform.Extensions.BlameDataCollector: Resolving assembly.
TpTrace Information: 0 : 27408, 1, 2022/05/03, 14:15:41.459, 3739867612628, vstest.console.dll, AssemblyResolver.OnResolve: Microsoft.TestPlatform.Extensions.BlameDataCollector: Searching in: 'C:\Program Files\dotnet\sdk\5.0.403\Extensions'.
TpTrace Information: 0 : 27408, 1, 2022/05/03, 14:15:41.461, 3739867635189, vstest.console.dll, AssemblyResolver.OnResolve: Microsoft.TestPlatform.Extensions.BlameDataCollector: Loading assembly 'C:\Program Files\dotnet\sdk\5.0.403\Extensions\Microsoft.TestPlatform.Extensions.BlameDataCollector.dll'.
TpTrace Information: 0 : 27408, 1, 2022/05/03, 14:15:41.463, 3739867653241, vstest.console.dll, AssemblyResolver.OnResolve: Resolved assembly: Microsoft.TestPlatform.Extensions.BlameDataCollector, from path: C:\Program Files\dotnet\sdk\5.0.403\Extensions\Microsoft.TestPlatform.Extensions.BlameDataCollector.dll
TpTrace Information: 0 : 27408, 1, 2022/05/03, 14:15:41.464, 3739867666855, vstest.console.dll, AssemblyResolver.OnResolve: Microsoft.TestPlatform.Extensions.EventLogCollector: Resolving assembly.
TpTrace Information: 0 : 27408, 1, 2022/05/03, 14:15:41.464, 3739867667713, vstest.console.dll, AssemblyResolver.OnResolve: Microsoft.TestPlatform.Extensions.EventLogCollector: Searching in: 'C:\Program Files\dotnet\sdk\5.0.403\Extensions'.
TpTrace Information: 0 : 27408, 1, 2022/05/03, 14:15:41.465, 3739867679331, vstest.console.dll, AssemblyResolver.OnResolve: Microsoft.TestPlatform.Extensions.EventLogCollector: Loading assembly 'C:\Program Files\dotnet\sdk\5.0.403\Extensions\Microsoft.TestPlatform.Extensions.EventLogCollector.dll'.
TpTrace Information: 0 : 27408, 1, 2022/05/03, 14:15:41.466, 3739867689342, vstest.console.dll, AssemblyResolver.OnResolve: Resolved assembly: Microsoft.TestPlatform.Extensions.EventLogCollector, from path: C:\Program Files\dotnet\sdk\5.0.403\Extensions\Microsoft.TestPlatform.Extensions.EventLogCollector.dll
TpTrace Information: 0 : 27408, 1, 2022/05/03, 14:15:41.470, 3739867725167, vstest.console.dll, AssemblyResolver.OnResolve: Microsoft.TestPlatform.TestHostRuntimeProvider: Resolving assembly.
TpTrace Information: 0 : 27408, 1, 2022/05/03, 14:15:41.470, 3739867726558, vstest.console.dll, AssemblyResolver.OnResolve: Microsoft.TestPlatform.TestHostRuntimeProvider: Searching in: 'C:\Program Files\dotnet\sdk\5.0.403\Extensions'.
TpTrace Information: 0 : 27408, 1, 2022/05/03, 14:15:41.472, 3739867744973, vstest.console.dll, AssemblyResolver.OnResolve: Microsoft.TestPlatform.TestHostRuntimeProvider: Loading assembly 'C:\Program Files\dotnet\sdk\5.0.403\Extensions\Microsoft.TestPlatform.TestHostRuntimeProvider.dll'.
TpTrace Information: 0 : 27408, 1, 2022/05/03, 14:15:41.473, 3739867754186, vstest.console.dll, AssemblyResolver.OnResolve: Resolved assembly: Microsoft.TestPlatform.TestHostRuntimeProvider, from path: C:\Program Files\dotnet\sdk\5.0.403\Extensions\Microsoft.TestPlatform.TestHostRuntimeProvider.dll
TpTrace Information: 0 : 27408, 1, 2022/05/03, 14:15:41.474, 3739867766358, vstest.console.dll, AssemblyResolver.OnResolve: Microsoft.VisualStudio.TestPlatform.Extensions.Html.TestLogger: Resolving assembly.
TpTrace Information: 0 : 27408, 1, 2022/05/03, 14:15:41.474, 3739867767087, vstest.console.dll, AssemblyResolver.OnResolve: Microsoft.VisualStudio.TestPlatform.Extensions.Html.TestLogger: Searching in: 'C:\Program Files\dotnet\sdk\5.0.403\Extensions'.
TpTrace Information: 0 : 27408, 1, 2022/05/03, 14:15:41.475, 3739867779073, vstest.console.dll, AssemblyResolver.OnResolve: Microsoft.VisualStudio.TestPlatform.Extensions.Html.TestLogger: Loading assembly 'C:\Program Files\dotnet\sdk\5.0.403\Extensions\Microsoft.VisualStudio.TestPlatform.Extensions.Html.TestLogger.dll'.
TpTrace Information: 0 : 27408, 1, 2022/05/03, 14:15:41.477, 3739867796915, vstest.console.dll, AssemblyResolver.OnResolve: Resolved assembly: Microsoft.VisualStudio.TestPlatform.Extensions.Html.TestLogger, from path: C:\Program Files\dotnet\sdk\5.0.403\Extensions\Microsoft.VisualStudio.TestPlatform.Extensions.Html.TestLogger.dll
TpTrace Information: 0 : 27408, 1, 2022/05/03, 14:15:41.477, 3739867800535, vstest.console.dll, AssemblyResolver.OnResolve: Microsoft.VisualStudio.TestPlatform.Extensions.Trx.TestLogger: Resolving assembly.
TpTrace Information: 0 : 27408, 1, 2022/05/03, 14:15:41.478, 3739867801154, vstest.console.dll, AssemblyResolver.OnResolve: Microsoft.VisualStudio.TestPlatform.Extensions.Trx.TestLogger: Searching in: 'C:\Program Files\dotnet\sdk\5.0.403\Extensions'.
TpTrace Information: 0 : 27408, 1, 2022/05/03, 14:15:41.480, 3739867830620, vstest.console.dll, AssemblyResolver.OnResolve: Microsoft.VisualStudio.TestPlatform.Extensions.Trx.TestLogger: Loading assembly 'C:\Program Files\dotnet\sdk\5.0.403\Extensions\Microsoft.VisualStudio.TestPlatform.Extensions.Trx.TestLogger.dll'.
TpTrace Information: 0 : 27408, 1, 2022/05/03, 14:15:41.484, 3739867866827, vstest.console.dll, AssemblyResolver.OnResolve: Resolved assembly: Microsoft.VisualStudio.TestPlatform.Extensions.Trx.TestLogger, from path: C:\Program Files\dotnet\sdk\5.0.403\Extensions\Microsoft.VisualStudio.TestPlatform.Extensions.Trx.TestLogger.dll
TpTrace Verbose: 0 : 27408, 1, 2022/05/03, 14:15:41.485, 3739867873774, vstest.console.dll, TestPluginCache: Discovered the extensions using extension path ''.
TpTrace Verbose: 0 : 27408, 1, 2022/05/03, 14:15:41.485, 3739867875083, vstest.console.dll, TestPluginCache: Discoverers are ''.
TpTrace Verbose: 0 : 27408, 1, 2022/05/03, 14:15:41.485, 3739867875925, vstest.console.dll, TestPluginCache: Executors are ''.
TpTrace Verbose: 0 : 27408, 1, 2022/05/03, 14:15:41.485, 3739867876629, vstest.console.dll, TestPluginCache: Executors2 are ''.
TpTrace Verbose: 0 : 27408, 1, 2022/05/03, 14:15:41.485, 3739867877334, vstest.console.dll, TestPluginCache: Setting providers are ''.
TpTrace Verbose: 0 : 27408, 1, 2022/05/03, 14:15:41.485, 3739867878013, vstest.console.dll, TestPluginCache: Loggers are ''.
TpTrace Information: 0 : 27408, 1, 2022/05/03, 14:15:41.492, 3739867950274, vstest.console.dll, RunTestsArgumentProcessor:Execute: Test run is starting.
TpTrace Verbose: 0 : 27408, 1, 2022/05/03, 14:15:41.493, 3739867951535, vstest.console.dll, RunTestsArgumentProcessor:Execute: Queuing Test run.
TpTrace Information: 0 : 27408, 1, 2022/05/03, 14:15:41.493, 3739867953468, vstest.console.dll, TestRequestManager.RunTests: run tests started.
TpTrace Information: 0 : 27408, 1, 2022/05/03, 14:15:41.497, 3739867992489, vstest.console.dll, AssemblyMetadataProvider.GetFrameWork: Determined framework:'.NETCoreApp,Version=v5.0' for source: 'C:\Users\Rodolfo AC\Documents\ASP.NET Core 3.1\Github Public Projects\Seed.API\SpecFlowStrategy\bin\Debug\net5.0\fine-code-coverage\build-output\SpecFlowStrategy.dll'
TpTrace Information: 0 : 27408, 1, 2022/05/03, 14:15:41.497, 3739867995710, vstest.console.dll, Determined framework for all sources: .NETCoreApp,Version=v5.0
TpTrace Information: 0 : 27408, 1, 2022/05/03, 14:15:41.498, 3739868001830, vstest.console.dll, AssemblyMetadataProvider.GetArchitecture: Determined architecture:AnyCPU info for assembly: C:\Users\Rodolfo AC\Documents\ASP.NET Core 3.1\Github Public Projects\Seed.API\SpecFlowStrategy\bin\Debug\net5.0\fine-code-coverage\build-output\SpecFlowStrategy.dll
TpTrace Information: 0 : 27408, 1, 2022/05/03, 14:15:41.501, 3739868031587, vstest.console.dll, Determined platform for all sources: X64
TpTrace Information: 0 : 27408, 1, 2022/05/03, 14:15:41.505, 3739868073466, vstest.console.dll, Compatible sources list : 
TpTrace Information: 0 : 27408, 1, 2022/05/03, 14:15:41.505, 3739868074929, vstest.console.dll, C:\Users\Rodolfo AC\Documents\ASP.NET Core 3.1\Github Public Projects\Seed.API\SpecFlowStrategy\bin\Debug\net5.0\fine-code-coverage\build-output\SpecFlowStrategy.dll
TpTrace Information: 0 : 27408, 1, 2022/05/03, 14:15:41.508, 3739868106669, vstest.console.dll, InferRunSettingsHelper.IsTestSettingsEnabled: Unable to navigate to RunSettings/MSTest. Current node: RunSettings
TpTrace Information: 0 : 27408, 1, 2022/05/03, 14:15:41.509, 3739868113368, vstest.console.dll, AssemblyResolver.OnResolve: Microsoft.VisualStudio.TestPlatform.Fakes: Resolving assembly.
TpTrace Information: 0 : 27408, 1, 2022/05/03, 14:15:41.509, 3739868114260, vstest.console.dll, AssemblyResolver.OnResolve: Microsoft.VisualStudio.TestPlatform.Fakes: Searching in: 'C:\Program Files\dotnet\sdk\5.0.403\Extensions'.
TpTrace Information: 0 : 27408, 1, 2022/05/03, 14:15:41.509, 3739868115490, vstest.console.dll, AssemblyResolver.OnResolve: Microsoft.VisualStudio.TestPlatform.Fakes: Assembly path does not exist: 'C:\Program Files\dotnet\sdk\5.0.403\Extensions\Microsoft.VisualStudio.TestPlatform.Fakes.dll', returning.
TpTrace Information: 0 : 27408, 1, 2022/05/03, 14:15:41.509, 3739868116334, vstest.console.dll, AssemblyResolver.OnResolve: Microsoft.VisualStudio.TestPlatform.Fakes: Assembly path does not exist: 'C:\Program Files\dotnet\sdk\5.0.403\Extensions\Microsoft.VisualStudio.TestPlatform.Fakes.exe', returning.
TpTrace Information: 0 : 27408, 1, 2022/05/03, 14:15:41.509, 3739868116822, vstest.console.dll, AssemblyResolver.OnResolve: Microsoft.VisualStudio.TestPlatform.Fakes: Searching in: 'C:\Program Files\dotnet\sdk\5.0.403'.
TpTrace Information: 0 : 27408, 1, 2022/05/03, 14:15:41.509, 3739868117706, vstest.console.dll, AssemblyResolver.OnResolve: Microsoft.VisualStudio.TestPlatform.Fakes: Assembly path does not exist: 'C:\Program Files\dotnet\sdk\5.0.403\Microsoft.VisualStudio.TestPlatform.Fakes.dll', returning.
TpTrace Information: 0 : 27408, 1, 2022/05/03, 14:15:41.509, 3739868118480, vstest.console.dll, AssemblyResolver.OnResolve: Microsoft.VisualStudio.TestPlatform.Fakes: Assembly path does not exist: 'C:\Program Files\dotnet\sdk\5.0.403\Microsoft.VisualStudio.TestPlatform.Fakes.exe', returning.
TpTrace Information: 0 : 27408, 1, 2022/05/03, 14:15:41.509, 3739868118890, vstest.console.dll, AssemblyResolver.OnResolve: Microsoft.VisualStudio.TestPlatform.Fakes: Failed to load assembly.
TpTrace Information: 0 : 27408, 1, 2022/05/03, 14:15:41.511, 3739868136861, vstest.console.dll, Failed to create newly implemented Fakes Configurator. Reason:System.IO.FileNotFoundException: Could not load file or assembly 'Microsoft.VisualStudio.TestPlatform.Fakes, Version=16.0.0.0, Culture=neutral, PublicKeyToken=null'. The system cannot find the file specified.
File name: 'Microsoft.VisualStudio.TestPlatform.Fakes, Version=16.0.0.0, Culture=neutral, PublicKeyToken=null'
   at System.Reflection.RuntimeAssembly.InternalLoad(ObjectHandleOnStack assemblyName, ObjectHandleOnStack requestingAssembly, StackCrawlMarkHandle stackMark, Boolean throwOnFileNotFound, ObjectHandleOnStack assemblyLoadContext, ObjectHandleOnStack retAssembly)
   at System.Reflection.RuntimeAssembly.InternalLoad(AssemblyName assemblyName, RuntimeAssembly requestingAssembly, StackCrawlMark& stackMark, Boolean throwOnFileNotFound, AssemblyLoadContext assemblyLoadContext)
   at System.Reflection.Assembly.Load(AssemblyName assemblyRef)
   at Microsoft.VisualStudio.TestPlatform.Common.Utilities.FakesUtilities.TryGetFakesCrossPlatformDataCollectorConfigurator() 
TpTrace Verbose: 0 : 27408, 1, 2022/05/03, 14:15:41.516, 3739868188594, vstest.console.dll, TestPluginCache.DiscoverTestExtensions: finding test extensions in assemblies ends with: TestLogger.dll TPluginInfo: Microsoft.VisualStudio.TestPlatform.Common.ExtensionFramework.Utilities.TestLoggerPluginInformation TExtension: Microsoft.VisualStudio.TestPlatform.ObjectModel.Client.ITestLogger
TpTrace Verbose: 0 : 27408, 1, 2022/05/03, 14:15:41.516, 3739868189720, vstest.console.dll, TestPluginCache.GetExtensionPaths: Filtered extension paths: 
TpTrace Verbose: 0 : 27408, 1, 2022/05/03, 14:15:41.516, 3739868190184, vstest.console.dll, TestPluginCache.GetExtensionPaths: Added default extension paths: C:\Program Files\dotnet\sdk\5.0.403\Extensions\Microsoft.Diagnostics.NETCore.Client.dll
C:\Program Files\dotnet\sdk\5.0.403\Extensions\Microsoft.TestPlatform.Extensions.BlameDataCollector.dll
C:\Program Files\dotnet\sdk\5.0.403\Extensions\Microsoft.TestPlatform.Extensions.EventLogCollector.dll
C:\Program Files\dotnet\sdk\5.0.403\Extensions\Microsoft.TestPlatform.TestHostRuntimeProvider.dll
C:\Program Files\dotnet\sdk\5.0.403\Extensions\Microsoft.VisualStudio.TestPlatform.Extensions.Html.TestLogger.dll
C:\Program Files\dotnet\sdk\5.0.403\Extensions\Microsoft.VisualStudio.TestPlatform.Extensions.Trx.TestLogger.dll
TpTrace Verbose: 0 : 27408, 1, 2022/05/03, 14:15:41.516, 3739868190655, vstest.console.dll, TestPluginCache.GetExtensionPaths: Added unfilterableExtensionPaths: 
TpTrace Information: 0 : 27408, 1, 2022/05/03, 14:15:41.517, 3739868192304, vstest.console.dll, AssemblyResolver.AddSearchDirectories: Adding more searchDirectories C:\Program Files\dotnet\sdk\5.0.403\Extensions,C:\Program Files\dotnet\sdk\5.0.403
TpTrace Verbose: 0 : 27408, 1, 2022/05/03, 14:15:41.517, 3739868192917, vstest.console.dll, TestPluginCache.DiscoverTestExtensions: Discovering the extensions using extension path.
TpTrace Verbose: 0 : 27408, 1, 2022/05/03, 14:15:41.517, 3739868193436, vstest.console.dll, TestPluginCache.GetExtensionPaths: Filtered extension paths: 
TpTrace Verbose: 0 : 27408, 1, 2022/05/03, 14:15:41.517, 3739868193840, vstest.console.dll, TestPluginCache.GetExtensionPaths: Added default extension paths: C:\Program Files\dotnet\sdk\5.0.403\Extensions\Microsoft.Diagnostics.NETCore.Client.dll
C:\Program Files\dotnet\sdk\5.0.403\Extensions\Microsoft.TestPlatform.Extensions.BlameDataCollector.dll
C:\Program Files\dotnet\sdk\5.0.403\Extensions\Microsoft.TestPlatform.Extensions.EventLogCollector.dll
C:\Program Files\dotnet\sdk\5.0.403\Extensions\Microsoft.TestPlatform.TestHostRuntimeProvider.dll
C:\Program Files\dotnet\sdk\5.0.403\Extensions\Microsoft.VisualStudio.TestPlatform.Extensions.Html.TestLogger.dll
C:\Program Files\dotnet\sdk\5.0.403\Extensions\Microsoft.VisualStudio.TestPlatform.Extensions.Trx.TestLogger.dll
TpTrace Verbose: 0 : 27408, 1, 2022/05/03, 14:15:41.517, 3739868194249, vstest.console.dll, TestPluginCache.GetExtensionPaths: Added unfilterableExtensionPaths: 
TpTrace Verbose: 0 : 27408, 1, 2022/05/03, 14:15:41.517, 3739868195050, vstest.console.dll, TestPluginCache.DiscoverTestExtensions: Discovering the extensions using allExtensionPaths: C:\Program Files\dotnet\sdk\5.0.403\Extensions\Microsoft.Diagnostics.NETCore.Client.dll
C:\Program Files\dotnet\sdk\5.0.403\Extensions\Microsoft.TestPlatform.Extensions.BlameDataCollector.dll
C:\Program Files\dotnet\sdk\5.0.403\Extensions\Microsoft.TestPlatform.Extensions.EventLogCollector.dll
C:\Program Files\dotnet\sdk\5.0.403\Extensions\Microsoft.TestPlatform.TestHostRuntimeProvider.dll
C:\Program Files\dotnet\sdk\5.0.403\Extensions\Microsoft.VisualStudio.TestPlatform.Extensions.Html.TestLogger.dll
C:\Program Files\dotnet\sdk\5.0.403\Extensions\Microsoft.VisualStudio.TestPlatform.Extensions.Trx.TestLogger.dll
TpTrace Information: 0 : 27408, 1, 2022/05/03, 14:15:41.517, 3739868196074, vstest.console.dll, AssemblyResolver.AddSearchDirectories: Adding more searchDirectories C:\Program Files\dotnet\sdk\5.0.403\Extensions,C:\Program Files\dotnet\sdk\5.0.403
TpTrace Information: 0 : 27408, 1, 2022/05/03, 14:15:41.517, 3739868196907, vstest.console.dll, AssemblyResolver.AddSearchDirectories: Adding more searchDirectories C:\Program Files\dotnet\sdk\5.0.403\Extensions,C:\Program Files\dotnet\sdk\5.0.403
TpTrace Information: 0 : 27408, 1, 2022/05/03, 14:15:41.517, 3739868197547, vstest.console.dll, AssemblyResolver.AddSearchDirectories: Adding more searchDirectories C:\Program Files\dotnet\sdk\5.0.403\Extensions,C:\Program Files\dotnet\sdk\5.0.403
TpTrace Information: 0 : 27408, 1, 2022/05/03, 14:15:41.517, 3739868198121, vstest.console.dll, AssemblyResolver.AddSearchDirectories: Adding more searchDirectories C:\Program Files\dotnet\sdk\5.0.403\Extensions,C:\Program Files\dotnet\sdk\5.0.403
TpTrace Information: 0 : 27408, 1, 2022/05/03, 14:15:41.517, 3739868198881, vstest.console.dll, AssemblyResolver.AddSearchDirectories: Adding more searchDirectories C:\Program Files\dotnet\sdk\5.0.403\Extensions,C:\Program Files\dotnet\sdk\5.0.403
TpTrace Information: 0 : 27408, 1, 2022/05/03, 14:15:41.517, 3739868199671, vstest.console.dll, AssemblyResolver.AddSearchDirectories: Adding more searchDirectories C:\Program Files\dotnet\sdk\5.0.403\Extensions,C:\Program Files\dotnet\sdk\5.0.403
TpTrace Information: 0 : 27408, 1, 2022/05/03, 14:15:41.518, 3739868203625, vstest.console.dll, AssemblyResolver.OnResolve: Microsoft.Bcl.AsyncInterfaces: Resolving assembly.
TpTrace Information: 0 : 27408, 1, 2022/05/03, 14:15:41.518, 3739868204369, vstest.console.dll, AssemblyResolver.OnResolve: Microsoft.Bcl.AsyncInterfaces: Resolved from cache.
TpTrace Verbose: 0 : 27408, 1, 2022/05/03, 14:15:41.518, 3739868204797, vstest.console.dll, CurrentDomainAssemblyResolve: Resolving assembly 'Microsoft.Bcl.AsyncInterfaces'.
TpTrace Information: 0 : 27408, 1, 2022/05/03, 14:15:41.518, 3739868205570, vstest.console.dll, AssemblyResolver.OnResolve: Microsoft.Bcl.AsyncInterfaces: Resolving assembly.
TpTrace Information: 0 : 27408, 1, 2022/05/03, 14:15:41.518, 3739868206146, vstest.console.dll, AssemblyResolver.OnResolve: Microsoft.Bcl.AsyncInterfaces: Resolved from cache.
TpTrace Verbose: 0 : 27408, 1, 2022/05/03, 14:15:41.518, 3739868206594, vstest.console.dll, CurrentDomainAssemblyResolve: Resolving assembly 'Microsoft.Bcl.AsyncInterfaces'.
TpTrace Verbose: 0 : 27408, 1, 2022/05/03, 14:15:41.518, 3739868206963, vstest.console.dll, CurrentDomainAssemblyResolve: Failed to resolve assembly 'Microsoft.Bcl.AsyncInterfaces'.
TpTrace Verbose: 0 : 27408, 1, 2022/05/03, 14:15:41.518, 3739868208943, vstest.console.dll, CurrentDomainAssemblyResolve: Failed to resolve assembly 'Microsoft.Bcl.AsyncInterfaces'.
TpTrace Warning: 0 : 27408, 1, 2022/05/03, 14:15:41.519, 3739868212585, vstest.console.dll, TestPluginDiscoverer: Failed to get types from assembly 'Microsoft.Diagnostics.NETCore.Client, Version=0.2.2.41902, Culture=neutral, PublicKeyToken=31bf3856ad364e35'.  Skipping test extension scan for this assembly.  Error: System.Reflection.ReflectionTypeLoadException: Unable to load one or more of the requested types.
Could not load file or assembly 'Microsoft.Bcl.AsyncInterfaces, Version=1.0.0.0, Culture=neutral, PublicKeyToken=cc7b13ffcd2ddd51'. The system cannot find the file specified.
   at System.Reflection.RuntimeModule.GetTypes(RuntimeModule module)
   at System.Reflection.RuntimeModule.GetTypes()
   at System.Reflection.Assembly.GetTypes()
   at Microsoft.VisualStudio.TestPlatform.Common.ExtensionFramework.TestPluginDiscoverer.GetTestExtensionsFromAssembly[TPluginInfo,TExtension](Assembly assembly, Dictionary`2 pluginInfos)
System.IO.FileNotFoundException: Could not load file or assembly 'Microsoft.Bcl.AsyncInterfaces, Version=1.0.0.0, Culture=neutral, PublicKeyToken=cc7b13ffcd2ddd51'. The system cannot find the file specified.
File name: 'Microsoft.Bcl.AsyncInterfaces, Version=1.0.0.0, Culture=neutral, PublicKeyToken=cc7b13ffcd2ddd51'
TpTrace Warning: 0 : 27408, 1, 2022/05/03, 14:15:41.519, 3739868213238, vstest.console.dll, LoaderExceptions: System.IO.FileNotFoundException: Could not load file or assembly 'Microsoft.Bcl.AsyncInterfaces, Version=1.0.0.0, Culture=neutral, PublicKeyToken=cc7b13ffcd2ddd51'. The system cannot find the file specified.
File name: 'Microsoft.Bcl.AsyncInterfaces, Version=1.0.0.0, Culture=neutral, PublicKeyToken=cc7b13ffcd2ddd51'
TpTrace Verbose: 0 : 27408, 1, 2022/05/03, 14:15:41.519, 3739868217807, vstest.console.dll, TestPluginCache: Discovered the extensions using extension path ''.
TpTrace Verbose: 0 : 27408, 1, 2022/05/03, 14:15:41.519, 3739868218324, vstest.console.dll, TestPluginCache: Discoverers are ''.
TpTrace Verbose: 0 : 27408, 1, 2022/05/03, 14:15:41.519, 3739868218676, vstest.console.dll, TestPluginCache: Executors are ''.
TpTrace Verbose: 0 : 27408, 1, 2022/05/03, 14:15:41.519, 3739868219074, vstest.console.dll, TestPluginCache: Executors2 are ''.
TpTrace Verbose: 0 : 27408, 1, 2022/05/03, 14:15:41.519, 3739868219649, vstest.console.dll, TestPluginCache: Setting providers are ''.
TpTrace Verbose: 0 : 27408, 1, 2022/05/03, 14:15:41.519, 3739868220553, vstest.console.dll, TestPluginCache: Loggers are 'logger://Microsoft/TestPlatform/Extensions/Blame/v1,logger://Microsoft/TestPlatform/HtmlLogger/v1,logger://Microsoft/TestPlatform/TrxLogger/v1'.
TpTrace Information: 0 : 27408, 1, 2022/05/03, 14:15:41.520, 3739868229244, vstest.console.dll, TestPluginManager.CreateTestExtension: Attempting to load test extension: Microsoft.TestPlatform.Extensions.BlameDataCollector.BlameLogger
TpTrace Information: 0 : 27408, 1, 2022/05/03, 14:15:41.539, 3739868412519, vstest.console.dll, TestPluginManager.CreateTestExtension: Attempting to load test extension: Microsoft.VisualStudio.TestPlatform.CrossPlatEngine.Hosting.DefaultTestHostManager
TpTrace Information: 0 : 27408, 1, 2022/05/03, 14:15:41.539, 3739868418349, vstest.console.dll, TestPluginManager.CreateTestExtension: Attempting to load test extension: Microsoft.VisualStudio.TestPlatform.CrossPlatEngine.Hosting.DotnetTestHostManager
TpTrace Verbose: 0 : 27408, 1, 2022/05/03, 14:15:41.540, 3739868430712, vstest.console.dll, TestEngine: Initializing Parallel Execution as MaxCpuCount is set to: 1
TpTrace Information: 0 : 27408, 1, 2022/05/03, 14:15:41.541, 3739868441126, vstest.console.dll, InferRunSettingsHelper.IsTestSettingsEnabled: Unable to navigate to RunSettings/MSTest. Current node: RunSettings
TpTrace Verbose: 0 : 27408, 1, 2022/05/03, 14:15:41.583, 3739868860522, vstest.console.dll, TestRequestSender is acting as server
TpTrace Verbose: 0 : 27408, 4, 2022/05/03, 14:15:41.591, 3739868940779, vstest.console.dll, DataCollectionRequestSender.InitializeCommunication : Initialize communication. 
TpTrace Information: 0 : 27408, 4, 2022/05/03, 14:15:41.615, 3739869173242, vstest.console.dll, Listening on Endpoint : 127.0.0.1:64497
TpTrace Verbose: 0 : 27408, 4, 2022/05/03, 14:15:41.638, 3739869405688, vstest.console.dll, DotnetDataCollectionLauncher: Full path of dotnet.exe is C:\Program Files\dotnet\dotnet.exe
TpTrace Verbose: 0 : 27408, 4, 2022/05/03, 14:15:41.638, 3739869409981, vstest.console.dll, DotnetDataCollectionLauncher: Adding  --runtimeconfig "C:\Program Files\dotnet\sdk\5.0.403\datacollector.runtimeconfig.json" in args
TpTrace Verbose: 0 : 27408, 4, 2022/05/03, 14:15:41.639, 3739869412972, vstest.console.dll, DotnetDataCollectionLauncher: Adding  --depsfile "C:\Program Files\dotnet\sdk\5.0.403\datacollector.deps.json" in args
TpTrace Information: 0 : 27408, 4, 2022/05/03, 14:15:41.668, 3739869707772, vstest.console.dll, ProxyDataCollectionManager.Initialize: Launched datacollector processId: 34276 port: 64497
TpTrace Information: 0 : 27408, 4, 2022/05/03, 14:15:41.668, 3739869710049, vstest.console.dll, ProxyDataCollectionManager.Initialize: waiting for connection with timeout: 90 seconds
TpTrace Verbose: 0 : 27408, 4, 2022/05/03, 14:15:41.668, 3739869710995, vstest.console.dll, DataCollectionRequestSender.WaitForRequestHandlerConnection : Waiting for connection with timeout: 90000
TpTrace Information: 0 : 27408, 7, 2022/05/03, 14:15:41.895, 3739871979306, vstest.console.dll, Using the buffer size of 16384 bytes
TpTrace Verbose: 0 : 27408, 4, 2022/05/03, 14:15:41.895, 3739871980558, vstest.console.dll, ProxyDataCollectionManager.InvokeDataCollectionServiceAction: Starting.
TpTrace Information: 0 : 27408, 7, 2022/05/03, 14:15:41.895, 3739871980778, vstest.console.dll, Accepted Client request and set the flag
TpTrace Information: 0 : 27408, 4, 2022/05/03, 14:15:41.896, 3739871983331, vstest.console.dll, ProxyDataCollectionManager.BeforeTestRunStart: Get environment variable and port for datacollector processId: 34276 port: 64497
TpTrace Verbose: 0 : 27408, 4, 2022/05/03, 14:15:41.896, 3739871985380, vstest.console.dll, DataCollectionRequestSender.SendBeforeTestRunStartAndGetResult : Send BeforeTestRunStart message with settingsXml <RunSettings><RunConfiguration><ResultsDirectory>C:\Users\Rodolfo AC\Documents\ASP.NET Core 3.1\Github Public Projects\Seed.API\SpecFlowStrategy\bin\Debug\net5.0\fine-code-coverage\coverage-tool-output</ResultsDirectory><TargetPlatform>X64</TargetPlatform><TargetFrameworkVersion>.NETCoreApp,Version=v5.0</TargetFrameworkVersion><DesignMode>False</DesignMode><CollectSourceInformation>False</CollectSourceInformation><TestAdaptersPaths>C:\Program Files\dotnet\sdk\5.0.403\Extensions</TestAdaptersPaths></RunConfiguration><LoggerRunSettings><Loggers><Logger friendlyName="blame" enabled="True" /><Logger friendlyName="Console" uri="logger://microsoft/TestPlatform/ConsoleLogger/v1" assemblyQualifiedName="Microsoft.VisualStudio.TestPlatform.CommandLine.Internal.ConsoleLogger, vstest.console, Version=15.0.0.0, Culture=neutral, PublicKeyToken=b03f5f7f11d50a3a" codeBase="C:\Program Files\dotnet\sdk\5.0.403\vstest.console.dll" enabled="True" /></Loggers></LoggerRunSettings><DataCollectionRunSettings><DataCollectors><DataCollector friendlyName="blame" enabled="True"><Configuration><ResultsDirectory>C:\Users\Rodolfo AC\Documents\ASP.NET Core 3.1\Github Public Projects\Seed.API\SpecFlowStrategy\bin\Debug\net5.0\fine-code-coverage\coverage-tool-output</ResultsDirectory></Configuration></DataCollector></DataCollectors></DataCollectionRunSettings></RunSettings> and sources System.Linq.Enumerable+Concat2Iterator`1[System.String]: 
TpTrace Verbose: 0 : 27408, 4, 2022/05/03, 14:15:41.987, 3739872893721, vstest.console.dll, DataCollectionRequestSender.SendBeforeTestRunStartAndGetResult : Received message: (DataCollection.SendMessage) -> {
  "FriendlyName": null,
  "Uri": null,
  "TestCaseId": "00000000-0000-0000-0000-000000000000",
  "Message": "Logging DataCollector Diagnostics in file: C:\\Users\\Rodolfo AC\\Documents\\ASP.NET Core 3.1\\Github Public Projects\\Seed.API\\SpecFlowStrategy\\bin\\Debug\\net5.0\\fine-code-coverage\\coverage-tool-output\\diagnostics.datacollector.22-05-03_14-15-41_62630_4.log",
  "Level": 0
}
TpTrace Verbose: 0 : 27408, 4, 2022/05/03, 14:15:42.077, 3739873800519, vstest.console.dll, DataCollectionRequestSender.SendBeforeTestRunStartAndGetResult : Received message: (DataCollection.BeforeTestRunStartResult) -> {
  "EnvironmentVariables": {},
  "DataCollectionEventsPort": 64499
}
TpTrace Information: 0 : 27408, 4, 2022/05/03, 14:15:42.084, 3739873871217, vstest.console.dll, ProxyDataCollectionManager.BeforeTestRunStart: SendBeforeTestRunStartAndGetResult successful, env variable from datacollector:   and testhost port: 64499
TpTrace Information: 0 : 27408, 4, 2022/05/03, 14:15:42.085, 3739873873547, vstest.console.dll, ProxyDataCollectionManager.InvokeDataCollectionServiceAction: Completed.
TpTrace Verbose: 0 : 27408, 1, 2022/05/03, 14:15:42.085, 3739873876181, vstest.console.dll, TestRunRequest.ExecuteAsync: Creating test run request.
TpTrace Verbose: 0 : 27408, 1, 2022/05/03, 14:15:42.087, 3739873891564, vstest.console.dll, TestRunRequest.ExecuteAsync: Starting.
TpTrace Information: 0 : 27408, 1, 2022/05/03, 14:15:42.087, 3739873900286, vstest.console.dll, TestRunRequest.ExecuteAsync: Starting run with settings:TestRunCriteria:
   KeepAlive=False,FrequencyOfRunStatsChangeEvent=10,RunStatsChangeEventTimeout=00:00:01.5000000,TestCaseFilter=,TestExecutorLauncher=
   Settingsxml=<RunSettings>
  <RunConfiguration>
    <ResultsDirectory>C:\Users\Rodolfo AC\Documents\ASP.NET Core 3.1\Github Public Projects\Seed.API\SpecFlowStrategy\bin\Debug\net5.0\fine-code-coverage\coverage-tool-output</ResultsDirectory>
    <TargetPlatform>X64</TargetPlatform>
    <TargetFrameworkVersion>.NETCoreApp,Version=v5.0</TargetFrameworkVersion>
    <DesignMode>False</DesignMode>
    <CollectSourceInformation>False</CollectSourceInformation>
  </RunConfiguration>
  <LoggerRunSettings>
    <Loggers>
      <Logger friendlyName="blame" enabled="True" />
      <Logger friendlyName="Console" uri="logger://microsoft/TestPlatform/ConsoleLogger/v1" assemblyQualifiedName="Microsoft.VisualStudio.TestPlatform.CommandLine.Internal.ConsoleLogger, vstest.console, Version=15.0.0.0, Culture=neutral, PublicKeyToken=b03f5f7f11d50a3a" codeBase="C:\Program Files\dotnet\sdk\5.0.403\vstest.console.dll" enabled="True" />
    </Loggers>
  </LoggerRunSettings>
  <DataCollectionRunSettings>
    <DataCollectors>
      <DataCollector friendlyName="blame" enabled="True">
        <Configuration>
          <ResultsDirectory>C:\Users\Rodolfo AC\Documents\ASP.NET Core 3.1\Github Public Projects\Seed.API\SpecFlowStrategy\bin\Debug\net5.0\fine-code-coverage\coverage-tool-output</ResultsDirectory>
        </Configuration>
      </DataCollector>
    </DataCollectors>
  </DataCollectionRunSettings>
</RunSettings>

TpTrace Verbose: 0 : 27408, 1, 2022/05/03, 14:15:42.088, 3739873901364, vstest.console.dll, TestRunRequest.ExecuteAsync: Wait for the first run request is over.
TpTrace Verbose: 0 : 27408, 1, 2022/05/03, 14:15:42.088, 3739873908006, vstest.console.dll, ParallelProxyExecutionManager: Start execution. Total sources: 1
TpTrace Information: 0 : 27408, 1, 2022/05/03, 14:15:42.090, 3739873926301, vstest.console.dll, ProxyParallelExecutionManager: Triggering test run for next source: C:\Users\Rodolfo AC\Documents\ASP.NET Core 3.1\Github Public Projects\Seed.API\SpecFlowStrategy\bin\Debug\net5.0\fine-code-coverage\build-output\SpecFlowStrategy.dll
TpTrace Verbose: 0 : 27408, 4, 2022/05/03, 14:15:42.090, 3739873929318, vstest.console.dll, ParallelProxyExecutionManager: Execution started. Started clients: 1
TpTrace Verbose: 0 : 27408, 1, 2022/05/03, 14:15:42.090, 3739873930850, vstest.console.dll, ProxyParallelExecutionManager: No sources available for execution.
TpTrace Information: 0 : 27408, 1, 2022/05/03, 14:15:42.091, 3739873932012, vstest.console.dll, TestRunRequest.ExecuteAsync: Started.
TpTrace Verbose: 0 : 27408, 1, 2022/05/03, 14:15:42.091, 3739873933795, vstest.console.dll, TestRunRequest.WaitForCompletion: Waiting with timeout -1.
TpTrace Verbose: 0 : 27408, 4, 2022/05/03, 14:15:42.091, 3739873935240, vstest.console.dll, TestRunRequest:SendTestRunMessage: Starting.
TpTrace Information: 0 : 27408, 4, 2022/05/03, 14:15:42.091, 3739873937001, vstest.console.dll, TestRunRequest:SendTestRunMessage: Completed.
TpTrace Verbose: 0 : 27408, 4, 2022/05/03, 14:15:42.091, 3739873940453, vstest.console.dll, ProxyExecutionManager: Test host is always Lazy initialize.
TpTrace Verbose: 0 : 27408, 4, 2022/05/03, 14:15:42.092, 3739873944045, vstest.console.dll, TestRequestSender.InitializeCommunication: initialize communication. 
TpTrace Information: 0 : 27408, 4, 2022/05/03, 14:15:42.093, 3739873951559, vstest.console.dll, SocketServer.Start: Listening on endpoint : 127.0.0.1:64500
TpTrace Verbose: 0 : 27408, 4, 2022/05/03, 14:15:42.094, 3739873968379, vstest.console.dll, DotnetTestHostmanager: Adding  --runtimeconfig "C:\Users\Rodolfo AC\Documents\ASP.NET Core 3.1\Github Public Projects\Seed.API\SpecFlowStrategy\bin\Debug\net5.0\fine-code-coverage\build-output\SpecFlowStrategy.runtimeconfig.json" in args
TpTrace Verbose: 0 : 27408, 4, 2022/05/03, 14:15:42.094, 3739873971105, vstest.console.dll, DotnetTestHostmanager: Adding  --depsfile "C:\Users\Rodolfo AC\Documents\ASP.NET Core 3.1\Github Public Projects\Seed.API\SpecFlowStrategy\bin\Debug\net5.0\fine-code-coverage\build-output\SpecFlowStrategy.deps.json" in args
TpTrace Verbose: 0 : 27408, 4, 2022/05/03, 14:15:42.095, 3739873974937, vstest.console.dll, DotnetTestHostManager: Testhost.exe/testhost.x86.exe found at path: C:\Users\Rodolfo AC\Documents\ASP.NET Core 3.1\Github Public Projects\Seed.API\SpecFlowStrategy\bin\Debug\net5.0\fine-code-coverage\build-output\testhost.exe
TpTrace Verbose: 0 : 27408, 4, 2022/05/03, 14:15:42.095, 3739873975857, vstest.console.dll, DotnetTestHostmanager: Full path of host exe is C:\Users\Rodolfo AC\Documents\ASP.NET Core 3.1\Github Public Projects\Seed.API\SpecFlowStrategy\bin\Debug\net5.0\fine-code-coverage\build-output\testhost.exe
TpTrace Verbose: 0 : 27408, 6, 2022/05/03, 14:15:42.097, 3739873994263, vstest.console.dll, DotnetTestHostManager: Starting process 'C:\Users\Rodolfo AC\Documents\ASP.NET Core 3.1\Github Public Projects\Seed.API\SpecFlowStrategy\bin\Debug\net5.0\fine-code-coverage\build-output\testhost.exe' with command line ' --runtimeconfig "C:\Users\Rodolfo AC\Documents\ASP.NET Core 3.1\Github Public Projects\Seed.API\SpecFlowStrategy\bin\Debug\net5.0\fine-code-coverage\build-output\SpecFlowStrategy.runtimeconfig.json" --depsfile "C:\Users\Rodolfo AC\Documents\ASP.NET Core 3.1\Github Public Projects\Seed.API\SpecFlowStrategy\bin\Debug\net5.0\fine-code-coverage\build-output\SpecFlowStrategy.deps.json" --port 64500 --endpoint 127.0.0.1:064500 --role client --parentprocessid 27408 --diag "C:\Users\Rodolfo AC\Documents\ASP.NET Core 3.1\Github Public Projects\Seed.API\SpecFlowStrategy\bin\Debug\net5.0\fine-code-coverage\coverage-tool-output\diagnostics.host.22-05-03_14-15-42_09355_4.log" --tracelevel 4 --datacollectionport 64499 --telemetryoptedin false'
TpTrace Verbose: 0 : 27408, 6, 2022/05/03, 14:15:42.108, 3739874103883, vstest.console.dll, Test Runtime launched
TpTrace Verbose: 0 : 27408, 4, 2022/05/03, 14:15:42.109, 3739874113053, vstest.console.dll, TestRequestSender.WaitForRequestHandlerConnection: waiting for connection with timeout: 90000
TpTrace Verbose: 0 : 27408, 13, 2022/05/03, 14:15:42.416, 3739877185096, vstest.console.dll, SocketServer.OnClientConnected: Client connected for endPoint: 127.0.0.1:64500, starting MessageLoopAsync:
TpTrace Verbose: 0 : 27408, 14, 2022/05/03, 14:15:42.416, 3739877189946, vstest.console.dll, TcpClientExtensions.MessageLoopAsync: Polling on remoteEndPoint: 127.0.0.1:64502 localEndPoint: 127.0.0.1:64500
TpTrace Verbose: 0 : 27408, 14, 2022/05/03, 14:15:42.572, 3739878748936, vstest.console.dll, TcpClientExtensions.MessageLoopAsync: NotifyDataAvailable remoteEndPoint: 127.0.0.1:64502 localEndPoint: 127.0.0.1:64500
TpTrace Verbose: 0 : 27408, 14, 2022/05/03, 14:15:42.573, 3739878756497, vstest.console.dll, TestRequestSender.CheckVersionWithTestHost: onMessageReceived received message: (ProtocolVersion) -> 5
TpTrace Verbose: 0 : 27408, 14, 2022/05/03, 14:15:42.574, 3739878765722, vstest.console.dll, TcpClientExtensions.MessageLoopAsync: Polling on remoteEndPoint: 127.0.0.1:64502 localEndPoint: 127.0.0.1:64500
TpTrace Verbose: 0 : 27408, 4, 2022/05/03, 14:15:42.574, 3739878767920, vstest.console.dll, TestPluginCache.GetExtensionPaths: Filtered extension paths: 
TpTrace Verbose: 0 : 27408, 4, 2022/05/03, 14:15:42.574, 3739878769024, vstest.console.dll, TestPluginCache.GetExtensionPaths: Added default extension paths: C:\Program Files\dotnet\sdk\5.0.403\Extensions\Microsoft.Diagnostics.NETCore.Client.dll
C:\Program Files\dotnet\sdk\5.0.403\Extensions\Microsoft.TestPlatform.Extensions.BlameDataCollector.dll
C:\Program Files\dotnet\sdk\5.0.403\Extensions\Microsoft.TestPlatform.Extensions.EventLogCollector.dll
C:\Program Files\dotnet\sdk\5.0.403\Extensions\Microsoft.TestPlatform.TestHostRuntimeProvider.dll
C:\Program Files\dotnet\sdk\5.0.403\Extensions\Microsoft.VisualStudio.TestPlatform.Extensions.Html.TestLogger.dll
C:\Program Files\dotnet\sdk\5.0.403\Extensions\Microsoft.VisualStudio.TestPlatform.Extensions.Trx.TestLogger.dll
TpTrace Verbose: 0 : 27408, 4, 2022/05/03, 14:15:42.574, 3739878770058, vstest.console.dll, TestPluginCache.GetExtensionPaths: Added unfilterableExtensionPaths: 
TpTrace Verbose: 0 : 27408, 4, 2022/05/03, 14:15:42.581, 3739878838658, vstest.console.dll, TestRequestSender.InitializeExecution: Sending initializing execution with message: {"Version":5,"MessageType":"TestExecution.Initialize","Payload":["C:\\Users\\Rodolfo AC\\Documents\\ASP.NET Core 3.1\\Github Public Projects\\Seed.API\\SpecFlowStrategy\\bin\\Debug\\net5.0\\fine-code-coverage\\build-output\\NUnit3.TestAdapter.dll"]}
TpTrace Verbose: 0 : 27408, 14, 2022/05/03, 14:15:42.584, 3739878870676, vstest.console.dll, TcpClientExtensions.MessageLoopAsync: NotifyDataAvailable remoteEndPoint: 127.0.0.1:64502 localEndPoint: 127.0.0.1:64500
TpTrace Verbose: 0 : 27408, 14, 2022/05/03, 14:15:42.585, 3739878872503, vstest.console.dll, TestRequestSender.OnExecutionMessageReceived: Received message: {"Version":5,"MessageType":"TestSession.Message","Payload":{"MessageLevel":0,"Message":"Logging TestHost Diagnostics in file: C:\\Users\\Rodolfo AC\\Documents\\ASP.NET Core 3.1\\Github Public Projects\\Seed.API\\SpecFlowStrategy\\bin\\Debug\\net5.0\\fine-code-coverage\\coverage-tool-output\\diagnostics.host.22-05-03_14-15-42_09355_4.log"}}
TpTrace Verbose: 0 : 27408, 14, 2022/05/03, 14:15:42.588, 3739878901881, vstest.console.dll, TestRunRequest:SendTestRunMessage: Starting.
TpTrace Information: 0 : 27408, 14, 2022/05/03, 14:15:42.588, 3739878903116, vstest.console.dll, TestRunRequest:SendTestRunMessage: Completed.
TpTrace Verbose: 0 : 27408, 14, 2022/05/03, 14:15:42.588, 3739878903659, vstest.console.dll, TcpClientExtensions.MessageLoopAsync: Polling on remoteEndPoint: 127.0.0.1:64502 localEndPoint: 127.0.0.1:64500
TpTrace Verbose: 0 : 27408, 4, 2022/05/03, 14:15:42.602, 3739879046817, vstest.console.dll, TestRequestSender.StartTestRun: Sending test run with message: {"Version":5,"MessageType":"TestExecution.StartWithSources","Payload":{"AdapterSourceMap":{"_none_":["C:\\Users\\Rodolfo AC\\Documents\\ASP.NET Core 3.1\\Github Public Projects\\Seed.API\\SpecFlowStrategy\\bin\\Debug\\net5.0\\fine-code-coverage\\build-output\\SpecFlowStrategy.dll"]},"RunSettings":"<RunSettings>\r\n  <RunConfiguration>\r\n    <ResultsDirectory>C:\\Users\\Rodolfo AC\\Documents\\ASP.NET Core 3.1\\Github Public Projects\\Seed.API\\SpecFlowStrategy\\bin\\Debug\\net5.0\\fine-code-coverage\\coverage-tool-output</ResultsDirectory>\r\n    <TargetPlatform>X64</TargetPlatform>\r\n    <TargetFrameworkVersion>.NETCoreApp,Version=v5.0</TargetFrameworkVersion>\r\n    <DesignMode>False</DesignMode>\r\n    <CollectSourceInformation>False</CollectSourceInformation>\r\n  </RunConfiguration>\r\n  <LoggerRunSettings>\r\n    <Loggers>\r\n      <Logger friendlyName=\"blame\" enabled=\"True\" />\r\n      <Logger friendlyName=\"Console\" uri=\"logger://microsoft/TestPlatform/ConsoleLogger/v1\" assemblyQualifiedName=\"Microsoft.VisualStudio.TestPlatform.CommandLine.Internal.ConsoleLogger, vstest.console, Version=15.0.0.0, Culture=neutral, PublicKeyToken=b03f5f7f11d50a3a\" codeBase=\"C:\\Program Files\\dotnet\\sdk\\5.0.403\\vstest.console.dll\" enabled=\"True\" />\r\n    </Loggers>\r\n  </LoggerRunSettings>\r\n  <DataCollectionRunSettings>\r\n    <DataCollectors>\r\n      <DataCollector friendlyName=\"blame\" enabled=\"True\">\r\n        <Configuration>\r\n          <ResultsDirectory>C:\\Users\\Rodolfo AC\\Documents\\ASP.NET Core 3.1\\Github Public Projects\\Seed.API\\SpecFlowStrategy\\bin\\Debug\\net5.0\\fine-code-coverage\\coverage-tool-output</ResultsDirectory>\r\n        </Configuration>\r\n      </DataCollector>\r\n    </DataCollectors>\r\n  </DataCollectionRunSettings>\r\n</RunSettings>","TestExecutionContext":{"FrequencyOfRunStatsChangeEvent":10,"RunStatsChangeEventTimeout":"00:00:01.5000000","InIsolation":false,"KeepAlive":false,"AreTestCaseLevelEventsRequired":false,"IsDebug":false,"TestCaseFilter":null,"FilterOptions":null},"Package":null}}
TpTrace Verbose: 0 : 27408, 14, 2022/05/03, 14:15:42.822, 3739881245727, vstest.console.dll, TcpClientExtensions.MessageLoopAsync: NotifyDataAvailable remoteEndPoint: 127.0.0.1:64502 localEndPoint: 127.0.0.1:64500
TpTrace Verbose: 0 : 27408, 14, 2022/05/03, 14:15:42.822, 3739881247578, vstest.console.dll, TestRequestSender.OnExecutionMessageReceived: Received message: {"Version":5,"MessageType":"TestSession.Message","Payload":{"MessageLevel":0,"Message":"NUnit Adapter 3.17.0.0: Test execution started"}}
TpTrace Verbose: 0 : 27408, 14, 2022/05/03, 14:15:42.822, 3739881251043, vstest.console.dll, TestRunRequest:SendTestRunMessage: Starting.
TpTrace Information: 0 : 27408, 14, 2022/05/03, 14:15:42.823, 3739881252153, vstest.console.dll, TestRunRequest:SendTestRunMessage: Completed.
TpTrace Verbose: 0 : 27408, 14, 2022/05/03, 14:15:42.823, 3739881252912, vstest.console.dll, TcpClientExtensions.MessageLoopAsync: Polling on remoteEndPoint: 127.0.0.1:64502 localEndPoint: 127.0.0.1:64500
TpTrace Verbose: 0 : 27408, 14, 2022/05/03, 14:15:42.868, 3739881704115, vstest.console.dll, TcpClientExtensions.MessageLoopAsync: NotifyDataAvailable remoteEndPoint: 127.0.0.1:64502 localEndPoint: 127.0.0.1:64500
TpTrace Verbose: 0 : 27408, 14, 2022/05/03, 14:15:42.868, 3739881706005, vstest.console.dll, TestRequestSender.OnExecutionMessageReceived: Received message: {"Version":5,"MessageType":"TestSession.Message","Payload":{"MessageLevel":0,"Message":"Running all tests in C:\\Users\\Rodolfo AC\\Documents\\ASP.NET Core 3.1\\Github Public Projects\\Seed.API\\SpecFlowStrategy\\bin\\Debug\\net5.0\\fine-code-coverage\\build-output\\SpecFlowStrategy.dll"}}
TpTrace Verbose: 0 : 27408, 14, 2022/05/03, 14:15:42.868, 3739881708911, vstest.console.dll, TestRunRequest:SendTestRunMessage: Starting.
TpTrace Information: 0 : 27408, 14, 2022/05/03, 14:15:42.868, 3739881709675, vstest.console.dll, TestRunRequest:SendTestRunMessage: Completed.
TpTrace Verbose: 0 : 27408, 14, 2022/05/03, 14:15:42.868, 3739881710091, vstest.console.dll, TcpClientExtensions.MessageLoopAsync: Polling on remoteEndPoint: 127.0.0.1:64502 localEndPoint: 127.0.0.1:64500
TpTrace Verbose: 0 : 27408, 14, 2022/05/03, 14:15:43.402, 3739887049779, vstest.console.dll, TcpClientExtensions.MessageLoopAsync: NotifyDataAvailable remoteEndPoint: 127.0.0.1:64502 localEndPoint: 127.0.0.1:64500
TpTrace Verbose: 0 : 27408, 14, 2022/05/03, 14:15:43.403, 3739887051350, vstest.console.dll, TestRequestSender.OnExecutionMessageReceived: Received message: {"Version":5,"MessageType":"TestSession.Message","Payload":{"MessageLevel":0,"Message":"   NUnit3TestExecutor discovered 1 of 1 NUnit test cases"}}
TpTrace Verbose: 0 : 27408, 14, 2022/05/03, 14:15:43.403, 3739887053438, vstest.console.dll, TestRunRequest:SendTestRunMessage: Starting.
TpTrace Information: 0 : 27408, 14, 2022/05/03, 14:15:43.403, 3739887054115, vstest.console.dll, TestRunRequest:SendTestRunMessage: Completed.
TpTrace Verbose: 0 : 27408, 14, 2022/05/03, 14:15:43.403, 3739887054518, vstest.console.dll, TcpClientExtensions.MessageLoopAsync: Polling on remoteEndPoint: 127.0.0.1:64502 localEndPoint: 127.0.0.1:64500
TpTrace Verbose: 0 : 27408, 14, 2022/05/03, 14:15:44.251, 3739895532842, vstest.console.dll, TcpClientExtensions.MessageLoopAsync: NotifyDataAvailable remoteEndPoint: 127.0.0.1:64502 localEndPoint: 127.0.0.1:64500
TpTrace Verbose: 0 : 27408, 14, 2022/05/03, 14:15:44.251, 3739895534593, vstest.console.dll, TestRequestSender.OnExecutionMessageReceived: Received message: {"Version":5,"MessageType":"TestExecution.StatsChange","Payload":{"NewTestResults":[],"TestRunStatistics":{"ExecutedTests":0,"Stats":{}},"ActiveTests":[{"Id":"15713bcb-428b-1372-5348-f0946989e4ad","FullyQualifiedName":"SpecFlowStrategy.Features.GetAllEmployeesAndDisplayTheListFeature.PerformAllEmployeesList","DisplayName":"PerformAllEmployeesList","ExecutorUri":"executor://NUnit3TestExecutor","Source":"C:\\Users\\Rodolfo AC\\Documents\\ASP.NET Core 3.1\\Github Public Projects\\Seed.API\\SpecFlowStrategy\\bin\\Debug\\net5.0\\fine-code-coverage\\build-output\\SpecFlowStrategy.dll","CodeFilePath":null,"LineNumber":0,"Properties":[{"Key":{"Id":"NUnit.TestCategory","Label":"TestCategory","Category":"","Description":"","Attributes":5,"ValueType":"System.String[]"},"Value":["smock"]}]}]}}
TpTrace Verbose: 0 : 27408, 14, 2022/05/03, 14:15:44.285, 3739895874421, vstest.console.dll, TestRunRequest:SendTestRunStatsChange: Starting.
TpTrace Verbose: 0 : 27408, 14, 2022/05/03, 14:15:44.285, 3739895875859, vstest.console.dll, InProgress is PerformAllEmployeesList
TpTrace Information: 0 : 27408, 14, 2022/05/03, 14:15:44.285, 3739895876793, vstest.console.dll, TestRunRequest:SendTestRunStatsChange: Completed.
TpTrace Verbose: 0 : 27408, 14, 2022/05/03, 14:15:44.285, 3739895877263, vstest.console.dll, TcpClientExtensions.MessageLoopAsync: Polling on remoteEndPoint: 127.0.0.1:64502 localEndPoint: 127.0.0.1:64500
TpTrace Verbose: 0 : 27408, 14, 2022/05/03, 14:15:45.292, 3739905947244, vstest.console.dll, TcpClientExtensions.MessageLoopAsync: Polling on remoteEndPoint: 127.0.0.1:64502 localEndPoint: 127.0.0.1:64500
TpTrace Verbose: 0 : 27408, 14, 2022/05/03, 14:15:46.296, 3739915985807, vstest.console.dll, TcpClientExtensions.MessageLoopAsync: Polling on remoteEndPoint: 127.0.0.1:64502 localEndPoint: 127.0.0.1:64500
TpTrace Verbose: 0 : 27408, 14, 2022/05/03, 14:15:47.298, 3739926005074, vstest.console.dll, TcpClientExtensions.MessageLoopAsync: Polling on remoteEndPoint: 127.0.0.1:64502 localEndPoint: 127.0.0.1:64500
TpTrace Verbose: 0 : 27408, 14, 2022/05/03, 14:15:48.302, 3739936043594, vstest.console.dll, TcpClientExtensions.MessageLoopAsync: Polling on remoteEndPoint: 127.0.0.1:64502 localEndPoint: 127.0.0.1:64500
TpTrace Verbose: 0 : 27408, 14, 2022/05/03, 14:15:49.316, 3739946185778, vstest.console.dll, TcpClientExtensions.MessageLoopAsync: Polling on remoteEndPoint: 127.0.0.1:64502 localEndPoint: 127.0.0.1:64500
TpTrace Warning: 0 : 27408, 10, 2022/05/03, 14:15:49.882, 3739951844024, vstest.console.dll, TestHostManagerCallbacks.ErrorReceivedCallback Test host standard error line: JavaScript error: resource://gre/modules/XULStore.jsm, line 66: Error: Can't find profile directory.
TpTrace Verbose: 0 : 27408, 14, 2022/05/03, 14:15:50.326, 3739956289012, vstest.console.dll, TcpClientExtensions.MessageLoopAsync: Polling on remoteEndPoint: 127.0.0.1:64502 localEndPoint: 127.0.0.1:64500
TpTrace Verbose: 0 : 27408, 14, 2022/05/03, 14:15:51.332, 3739966350353, vstest.console.dll, TcpClientExtensions.MessageLoopAsync: Polling on remoteEndPoint: 127.0.0.1:64502 localEndPoint: 127.0.0.1:64500
TpTrace Verbose: 0 : 27408, 14, 2022/05/03, 14:15:52.343, 3739976458343, vstest.console.dll, TcpClientExtensions.MessageLoopAsync: Polling on remoteEndPoint: 127.0.0.1:64502 localEndPoint: 127.0.0.1:64500
TpTrace Verbose: 0 : 27408, 14, 2022/05/03, 14:15:53.353, 3739986555557, vstest.console.dll, TcpClientExtensions.MessageLoopAsync: Polling on remoteEndPoint: 127.0.0.1:64502 localEndPoint: 127.0.0.1:64500
TpTrace Verbose: 0 : 27408, 14, 2022/05/03, 14:15:54.365, 3739996672169, vstest.console.dll, TcpClientExtensions.MessageLoopAsync: Polling on remoteEndPoint: 127.0.0.1:64502 localEndPoint: 127.0.0.1:64500
TpTrace Verbose: 0 : 27408, 14, 2022/05/03, 14:15:55.379, 3740006816139, vstest.console.dll, TcpClientExtensions.MessageLoopAsync: Polling on remoteEndPoint: 127.0.0.1:64502 localEndPoint: 127.0.0.1:64500
TpTrace Verbose: 0 : 27408, 14, 2022/05/03, 14:15:56.380, 3740016826998, vstest.console.dll, TcpClientExtensions.MessageLoopAsync: Polling on remoteEndPoint: 127.0.0.1:64502 localEndPoint: 127.0.0.1:64500
TpTrace Verbose: 0 : 27408, 14, 2022/05/03, 14:15:57.393, 3740026960195, vstest.console.dll, TcpClientExtensions.MessageLoopAsync: Polling on remoteEndPoint: 127.0.0.1:64502 localEndPoint: 127.0.0.1:64500
TpTrace Verbose: 0 : 27408, 14, 2022/05/03, 14:15:58.403, 3740037060421, vstest.console.dll, TcpClientExtensions.MessageLoopAsync: Polling on remoteEndPoint: 127.0.0.1:64502 localEndPoint: 127.0.0.1:64500
TpTrace Verbose: 0 : 27408, 14, 2022/05/03, 14:15:59.417, 3740047195087, vstest.console.dll, TcpClientExtensions.MessageLoopAsync: Polling on remoteEndPoint: 127.0.0.1:64502 localEndPoint: 127.0.0.1:64500
TpTrace Verbose: 0 : 27408, 14, 2022/05/03, 14:16:00.432, 3740057347587, vstest.console.dll, TcpClientExtensions.MessageLoopAsync: Polling on remoteEndPoint: 127.0.0.1:64502 localEndPoint: 127.0.0.1:64500
TpTrace Verbose: 0 : 27408, 14, 2022/05/03, 14:16:01.433, 3740067351732, vstest.console.dll, TcpClientExtensions.MessageLoopAsync: Polling on remoteEndPoint: 127.0.0.1:64502 localEndPoint: 127.0.0.1:64500
TpTrace Verbose: 0 : 27408, 14, 2022/05/03, 14:16:02.446, 3740077489221, vstest.console.dll, TcpClientExtensions.MessageLoopAsync: Polling on remoteEndPoint: 127.0.0.1:64502 localEndPoint: 127.0.0.1:64500
TpTrace Verbose: 0 : 27408, 14, 2022/05/03, 14:16:03.446, 3740087488049, vstest.console.dll, TcpClientExtensions.MessageLoopAsync: Polling on remoteEndPoint: 127.0.0.1:64502 localEndPoint: 127.0.0.1:64500
TpTrace Verbose: 0 : 27408, 14, 2022/05/03, 14:16:04.455, 3740097580074, vstest.console.dll, TcpClientExtensions.MessageLoopAsync: Polling on remoteEndPoint: 127.0.0.1:64502 localEndPoint: 127.0.0.1:64500
TpTrace Verbose: 0 : 27408, 14, 2022/05/03, 14:16:05.469, 3740107718212, vstest.console.dll, TcpClientExtensions.MessageLoopAsync: Polling on remoteEndPoint: 127.0.0.1:64502 localEndPoint: 127.0.0.1:64500
TpTrace Verbose: 0 : 27408, 14, 2022/05/03, 14:16:06.482, 3740117848345, vstest.console.dll, TcpClientExtensions.MessageLoopAsync: Polling on remoteEndPoint: 127.0.0.1:64502 localEndPoint: 127.0.0.1:64500
TpTrace Verbose: 0 : 27408, 14, 2022/05/03, 14:16:07.484, 3740127867009, vstest.console.dll, TcpClientExtensions.MessageLoopAsync: Polling on remoteEndPoint: 127.0.0.1:64502 localEndPoint: 127.0.0.1:64500
TpTrace Verbose: 0 : 27408, 14, 2022/05/03, 14:16:07.967, 3740132693354, vstest.console.dll, TcpClientExtensions.MessageLoopAsync: NotifyDataAvailable remoteEndPoint: 127.0.0.1:64502 localEndPoint: 127.0.0.1:64500
TpTrace Verbose: 0 : 27408, 14, 2022/05/03, 14:16:07.967, 3740132695125, vstest.console.dll, TestRequestSender.OnExecutionMessageReceived: Received message: {"Version":5,"MessageType":"TestSession.Message","Payload":{"MessageLevel":0,"Message":"Given I launch the application\r\n-> done: Emplyees.GivenILaunchTheApplication() (15.2s)\r\nAnd I click in employees link\r\n-> done: Emplyees.GivenIClickInEmployeesLink() (4.8s)\r\nAnd I should see the employees list\r\n-> done: Emplyees.GivenIShouldSeeTheEmployeesList() (4.1s)\r\n"}}
TpTrace Verbose: 0 : 27408, 14, 2022/05/03, 14:16:07.967, 3740132697517, vstest.console.dll, TestRunRequest:SendTestRunMessage: Starting.
TpTrace Information: 0 : 27408, 14, 2022/05/03, 14:16:07.967, 3740132698121, vstest.console.dll, TestRunRequest:SendTestRunMessage: Completed.
TpTrace Verbose: 0 : 27408, 14, 2022/05/03, 14:16:07.967, 3740132698571, vstest.console.dll, TcpClientExtensions.MessageLoopAsync: Polling on remoteEndPoint: 127.0.0.1:64502 localEndPoint: 127.0.0.1:64500
TpTrace Verbose: 0 : 27408, 14, 2022/05/03, 14:16:07.990, 3740132923892, vstest.console.dll, TcpClientExtensions.MessageLoopAsync: NotifyDataAvailable remoteEndPoint: 127.0.0.1:64502 localEndPoint: 127.0.0.1:64500
TpTrace Verbose: 0 : 27408, 14, 2022/05/03, 14:16:07.990, 3740132924922, vstest.console.dll, TestRequestSender.OnExecutionMessageReceived: Received message: {"Version":5,"MessageType":"TestSession.Message","Payload":{"MessageLevel":0,"Message":"NUnit Adapter 3.17.0.0: Test execution complete"}}
TpTrace Verbose: 0 : 27408, 14, 2022/05/03, 14:16:07.990, 3740132926251, vstest.console.dll, TestRunRequest:SendTestRunMessage: Starting.
TpTrace Information: 0 : 27408, 14, 2022/05/03, 14:16:07.990, 3740132926823, vstest.console.dll, TestRunRequest:SendTestRunMessage: Completed.
TpTrace Verbose: 0 : 27408, 14, 2022/05/03, 14:16:07.990, 3740132927134, vstest.console.dll, TcpClientExtensions.MessageLoopAsync: Polling on remoteEndPoint: 127.0.0.1:64502 localEndPoint: 127.0.0.1:64500
TpTrace Verbose: 0 : 27408, 14, 2022/05/03, 14:16:08.013, 3740133151488, vstest.console.dll, TcpClientExtensions.MessageLoopAsync: NotifyDataAvailable remoteEndPoint: 127.0.0.1:64502 localEndPoint: 127.0.0.1:64500
TpTrace Verbose: 0 : 27408, 14, 2022/05/03, 14:16:08.013, 3740133152852, vstest.console.dll, TestRequestSender.OnExecutionMessageReceived: Received message: {"Version":5,"MessageType":"TestExecution.Completed","Payload":{"TestRunCompleteArgs":{"TestRunStatistics":{"ExecutedTests":1,"Stats":{"Passed":1}},"IsCanceled":false,"IsAborted":false,"Error":null,"AttachmentSets":[],"ElapsedTimeInRunningTests":"00:00:25.2010023","Metrics":{}},"LastRunTests":{"NewTestResults":[{"TestCase":{"Id":"15713bcb-428b-1372-5348-f0946989e4ad","FullyQualifiedName":"SpecFlowStrategy.Features.GetAllEmployeesAndDisplayTheListFeature.PerformAllEmployeesList","DisplayName":"PerformAllEmployeesList","ExecutorUri":"executor://NUnit3TestExecutor","Source":"C:\\Users\\Rodolfo AC\\Documents\\ASP.NET Core 3.1\\Github Public Projects\\Seed.API\\SpecFlowStrategy\\bin\\Debug\\net5.0\\fine-code-coverage\\build-output\\SpecFlowStrategy.dll","CodeFilePath":null,"LineNumber":0,"Properties":[{"Key":{"Id":"NUnit.TestCategory","Label":"TestCategory","Category":"","Description":"","Attributes":5,"ValueType":"System.String[]"},"Value":["smock"]}]},"Attachments":[],"Outcome":1,"ErrorMessage":null,"ErrorStackTrace":null,"DisplayName":"PerformAllEmployeesList","Messages":[{"Category":"StdOutMsgs","Text":"Given I launch the application\r\n-> done: Emplyees.GivenILaunchTheApplication() (15.2s)\r\nAnd I click in employees link\r\n-> done: Emplyees.GivenIClickInEmployeesLink() (4.8s)\r\nAnd I should see the employees list\r\n-> done: Emplyees.GivenIShouldSeeTheEmployeesList() (4.1s)\r\n"}],"ComputerName":"DESKTOP-NQPLDNN","Duration":"00:00:24.2123719","StartTime":"2022-05-03T12:15:43.7296451+00:00","EndTime":"2022-05-03T12:16:07.9414301+00:00","Properties":[]}],"TestRunStatistics":{"ExecutedTests":1,"Stats":{"Passed":1}},"ActiveTests":[]},"RunAttachments":[],"ExecutorUris":["executor://nunit3testexecutor/"]}}
TpTrace Verbose: 0 : 27408, 14, 2022/05/03, 14:16:08.013, 3740133156343, vstest.console.dll, TestRequestSender.EndSession: Sending end session.
TpTrace Verbose: 0 : 27408, 14, 2022/05/03, 14:16:08.013, 3740133158475, vstest.console.dll, ProxyOperationManager.Close: waiting for test host to exit for 100 ms
TpTrace Verbose: 0 : 27408, 7, 2022/05/03, 14:16:08.057, 3740133591449, vstest.console.dll, TestHostProvider.ExitCallBack: Host exited starting callback.
TpTrace Information: 0 : 27408, 7, 2022/05/03, 14:16:08.057, 3740133596936, vstest.console.dll, TestHostManagerCallbacks.ExitCallBack: Testhost processId: 33144 exited with exitcode: 0 error: 'JavaScript error: resource://gre/modules/XULStore.jsm, line 66: Error: Can't find profile directory.
'
TpTrace Verbose: 0 : 27408, 7, 2022/05/03, 14:16:08.057, 3740133597643, vstest.console.dll, DotnetTestHostManager.OnHostExited: invoking OnHostExited callback
TpTrace Verbose: 0 : 27408, 7, 2022/05/03, 14:16:08.057, 3740133598173, vstest.console.dll, CrossPlatEngine.TestHostManagerHostExited: calling on client process exit callback.
TpTrace Information: 0 : 27408, 7, 2022/05/03, 14:16:08.057, 3740133598668, vstest.console.dll, TestRequestSender.OnClientProcessExit: Test host process exited. Standard error: JavaScript error: resource://gre/modules/XULStore.jsm, line 66: Error: Can't find profile directory.

TpTrace Information: 0 : 27408, 7, 2022/05/03, 14:16:08.057, 3740133599156, vstest.console.dll, SocketServer.Stop: Stop server endPoint: 127.0.0.1:64500
TpTrace Warning: 0 : 27408, 14, 2022/05/03, 14:16:08.057, 3740133599175, vstest.console.dll, ProxyOperationManager: Timed out waiting for test host to exit. Will terminate process.
TpTrace Information: 0 : 27408, 7, 2022/05/03, 14:16:08.057, 3740133599502, vstest.console.dll, SocketServer.Stop: Cancellation requested. Stopping message loop.
TpTrace Verbose: 0 : 27408, 14, 2022/05/03, 14:16:08.058, 3740133605226, vstest.console.dll, ProxyDataCollectionManager.InvokeDataCollectionServiceAction: Starting.
TpTrace Information: 0 : 27408, 14, 2022/05/03, 14:16:08.058, 3740133605757, vstest.console.dll, ProxyDataCollectionManager.AfterTestRunEnd: Get attachment set for datacollector processId: 34276 port: 64497
TpTrace Verbose: 0 : 27408, 14, 2022/05/03, 14:16:08.058, 3740133606252, vstest.console.dll, DataCollectionRequestSender.SendAfterTestRunStartAndGetResult : Send AfterTestRunEnd message with isCancelled: False
TpTrace Verbose: 0 : 27408, 14, 2022/05/03, 14:16:08.062, 3740133642507, vstest.console.dll, DataCollectionRequestSender.SendAfterTestRunStartAndGetResult : Received message: (DataCollection.AfterTestRunEndResult) -> {
  "AttachmentSets": [],
  "Metrics": {}
}
TpTrace Information: 0 : 27408, 14, 2022/05/03, 14:16:08.064, 3740133668234, vstest.console.dll, ProxyDataCollectionManager.InvokeDataCollectionServiceAction: Completed.
TpTrace Warning: 0 : 27408, 9, 2022/05/03, 14:16:08.073, 3740133754482, vstest.console.dll, DataCollectionLauncher.ErrorReceivedCallback datacollector standard error line: 
TpTrace Information: 0 : 27408, 7, 2022/05/03, 14:16:08.078, 3740133808447, vstest.console.dll, DataCollectionLauncher.ExitCallBack: Data collector exited with exitcode: 0 error: ''
TpTrace Verbose: 0 : 27408, 14, 2022/05/03, 14:16:08.102, 3740134044247, vstest.console.dll, TestRunRequest:SendTestRunStatsChange: Starting.
TpTrace Information: 0 : 27408, 14, 2022/05/03, 14:16:08.102, 3740134046505, vstest.console.dll, TestRunRequest:SendTestRunStatsChange: Completed.
TpTrace Verbose: 0 : 27408, 14, 2022/05/03, 14:16:08.102, 3740134049132, vstest.console.dll, ParallelProxyExecutionManager: HandlePartialRunComplete: Total completed clients = 1, Run complete = True, Run canceled: False.
TpTrace Verbose: 0 : 27408, 14, 2022/05/03, 14:16:08.133, 3740134354262, vstest.console.dll, TestRunRequest:TestRunComplete: Starting. IsAborted:False IsCanceled:False.
TpTrace Verbose: 0 : 27408, 14, 2022/05/03, 14:16:08.133, 3740134356416, vstest.console.dll, TestLoggerManager.HandleTestRunComplete: Ignoring as the object is disposed.
TpTrace Information: 0 : 27408, 14, 2022/05/03, 14:16:08.133, 3740134359703, vstest.console.dll, TestRunRequest:TestRunComplete: Completed.
TpTrace Verbose: 0 : 27408, 1, 2022/05/03, 14:16:08.133, 3740134359843, vstest.console.dll, TestRunRequest.Dispose: Starting.
TpTrace Information: 0 : 27408, 1, 2022/05/03, 14:16:08.133, 3740134361095, vstest.console.dll, TestRunRequest.Dispose: Completed.
TpTrace Verbose: 0 : 27408, 14, 2022/05/03, 14:16:08.133, 3740134360486, vstest.console.dll, TestRequestSender.SetOperationComplete: Setting operation complete.
TpTrace Information: 0 : 27408, 1, 2022/05/03, 14:16:08.134, 3740134361608, vstest.console.dll, TestRequestManager.RunTests: run tests completed.
TpTrace Information: 0 : 27408, 14, 2022/05/03, 14:16:08.134, 3740134362184, vstest.console.dll, SocketServer.Stop: Stop server endPoint: 127.0.0.1:64500
TpTrace Information: 0 : 27408, 1, 2022/05/03, 14:16:08.134, 3740134363069, vstest.console.dll, RunTestsArgumentProcessor:Execute: Test run is completed.
TpTrace Information: 0 : 27408, 14, 2022/05/03, 14:16:08.134, 3740134363484, vstest.console.dll, SocketServer.Stop: Cancellation requested. Stopping message loop.
TpTrace Information: 0 : 27408, 14, 2022/05/03, 14:16:08.134, 3740134365852, vstest.console.dll, SocketServer.PrivateStop: Stop server endPoint: 127.0.0.1:64500 error: 
TpTrace Verbose: 0 : 27408, 1, 2022/05/03, 14:16:08.134, 3740134366088, vstest.console.dll, Executor.Execute: Exiting with exit code of 0
TpTrace Verbose: 0 : 27408, 14, 2022/05/03, 14:16:08.135, 3740134376545, vstest.console.dll, LengthPrefixCommunicationChannel.Dispose: Dispose reader and writer.
TpTrace Information: 0 : 27408, 14, 2022/05/03, 14:16:08.135, 3740134377595, vstest.console.dll, SocketServer.Stop: Raise disconnected event endPoint: 127.0.0.1:64500 error: 
